Starting Q|R
Running refinement
-------------------------------------------------------------------------------

Refine a model using restraints from Quantum Chemistry

-------------------------------------------------------------------------------
input {
  xray_data {
    file_name = None
    labels = None
    high_resolution = None
    low_resolution = None
    outliers_rejection = True
    french_wilson_scale = True
    french_wilson {
      max_bins = 60
      min_bin_size = 40
    }
    sigma_fobs_rejection_criterion = None
    sigma_iobs_rejection_criterion = None
    ignore_all_zeros = True
    force_anomalous_flag_to_be_equal_to = None
    convert_to_non_anomalous_if_ratio_pairs_lone_less_than_threshold = 0.5
    r_free_flags {
      file_name = None
      label = None
      test_flag_value = None
      ignore_r_free_flags = False
      disable_suitability_test = False
      ignore_pdb_hexdigest = False
      generate = False
      fraction = 0.1
      max_free = 2000
      lattice_symmetry_max_delta = 5
      use_lattice_symmetry = True
      use_dataman_shells = False
      n_shells = 20
    }
  }
  pdb {
    file_name = None
  }
  monomers {
    file_name = None
  }
  maps {
    map_file_name = None
    d_min = None
    map_coefficients_file_name = None
    map_coefficients_label = None
  }
  sequence = None
  scattering_table = wk1995 it1992 *n_gaussian neutron electron
  wavelength = None
  energy = None
  twin_law = None
}
max_atoms = 15000
debug = False
cluster {
  charge_cutoff = 10
  clustering = False
  charge_embedding = False
  two_buffers = False
  maxnum_residues_in_cluster = 15
  clustering_method = gnc *bcc
  altloc_method = *subtract average
}
restraints = cctbx *qm
qm_engine_name = *mopac terachem turbomole pyscf
charge = None
basis = "sto-3g"
refine {
  dry_run = False
  sf_algorithm = *direct fft
  refinement_target_name = *ml ls_wunit_k1
  mode = opt *refine
  number_of_macro_cycles = 1
  number_of_weight_search_cycles = 50
  number_of_micro_cycles = 50
  data_weight = None
  max_iterations = 50
  line_search = True
  stpmax = 1.e9
  gradient_only = False
  update_all_scales = True
  refine_sites = True
  refine_adp = False
  restraints_weight_scale = 1.0
  shake_sites = False
  use_convergence_test = True
  max_bond_rmsd = 0.03
  max_r_work_r_free_gap = 5.0
  r_tolerance = 0.001
  rmsd_tolerance = 0.01
}
parallel_params {
  method = *multiprocessing pbs sge lsf threading slurm
  nproc = None
  qsub_command = None
}
output_file_name_prefix = None
output_folder_name = "pdb"
shared_disk = True
rst_file = None
dump_gradients = None
None

============================== Collecting inputs ==============================


                   ----------Processing X-ray data----------                   

I-obs:
  /home/qr/paper-4-altlocs/1bdw/1bdw_ala_refine_001.mtz:I-obs,SIGI-obs
Miller array info: /home/qr/paper-4-altlocs/1bdw/1bdw_ala_refine_001.mtz:I-obs,SIGI-obs
Observation type: xray.intensity
Type of data: double, size=3416
Type of sigmas: double, size=3416
Number of Miller indices: 3416
Anomalous flag: False
Unit cell: (20.584, 27.905, 52.04, 90, 90, 90)
Space group: P 21 21 21 (No. 19)
Systematic absences: 0
Centric reflections: 756
Resolution range: 24.5925 1.7016
Completeness in resolution range: 0.953125
Completeness with d_max=infinity: 0.952859
Wavelength: 1.0000


     ----------Scaling input intensities via French-Wilson Method----------    

Trying 60 bins...
bin too small, trying 59 bins
bin too small, trying 58 bins
bin too small, trying 57 bins
bin too small, trying 56 bins
bin too small, trying 55 bins
bin too small, trying 54 bins
bin too small, trying 53 bins
bin too small, trying 52 bins
bin too small, trying 51 bins
bin too small, trying 50 bins
bin too small, trying 49 bins
bin too small, trying 48 bins
bin too small, trying 47 bins
Number of bins = 47
** Calculating bin mean intensity values for each intensity **
** Total # rejected intensities: 0 **
Intensities converted to amplitudes for use in refinement.

Number of F-obs in resolution range:                   3416
Number of F-obs<0 (these reflections will be rejected): 0
Number of F-obs=0 (these reflections will be used in refinement): 0
Refinement resolution range: d_max =  24.5925
                             d_min =   1.7016

R-free flags:
  /home/qr/paper-4-altlocs/1bdw/1bdw_ala_refine_001.mtz:R-free-flags
Miller array info: /home/qr/paper-4-altlocs/1bdw/1bdw_ala_refine_001.mtz:R-free-flags
Observation type: None
Type of data: int, size=3416
Type of sigmas: None
Number of Miller indices: 3416
Anomalous flag: False
Unit cell: (20.584, 27.905, 52.04, 90, 90, 90)
Space group: P 21 21 21 (No. 19)
Systematic absences: 0
Centric reflections: 756
Resolution range: 24.5925 1.7016
Completeness in resolution range: 0.953125
Completeness with d_max=infinity: 0.952859
Wavelength: 1.0000

Test (R-free flags) flag value: 0

Number of work/free reflections by resolution:
                                      work free  %free
  bin  1: 24.5951 -  3.6624 [402/405]  381   21   5.2%
  bin  2:  3.6624 -  2.9084 [361/361]  347   14   3.9%
  bin  3:  2.9084 -  2.5412 [365/365]  346   19   5.2%
  bin  4:  2.5412 -  2.3090 [349/349]  340    9   2.6%
  bin  5:  2.3090 -  2.1437 [359/359]  333   26   7.2%
  bin  6:  2.1437 -  2.0173 [353/353]  346    7   2.0%
  bin  7:  2.0173 -  1.9163 [348/348]  316   32   9.2%
  bin  8:  1.9163 -  1.8329 [343/345]  331   12   3.5%
  bin  9:  1.8329 -  1.7624 [327/355]  313   14   4.3%
  bin 10:  1.7624 -  1.7016 [209/344]  204    5   2.4%
                              overall 3257  159   4.7%

                   ----------Processing PDB file(s)----------                  

  Monomer Library directory:
    "/home/qr/phenix-dev-2932/modules/chem_data/mon_lib"
  Total number of atoms: 724
  Number of models: 1
  Model: ""
    Number of chains: 6
    Chain: "A"
      Number of atoms: 299
      Number of conformers: 2
      Conformer: "A"
        Number of residues, atoms: 16, 277
          Classifications: {'peptide': 16}
          Modifications used: {'PEPT-D': 6, 'COO': 1}
          Link IDs: {'TRANS': 15}
          Unresolved non-hydrogen bonds: 1
          Unresolved non-hydrogen angles: 2
          Planarities with less than four sites: {'FVA:plan-2': 1}
          Unresolved non-hydrogen planarities: 1
      Conformer: "B"
        Number of residues, atoms: 16, 277
          Classifications: {'peptide': 16}
          Modifications used: {'PEPT-D': 6, 'COO': 1}
          Link IDs: {'TRANS': 15}
          Unresolved non-hydrogen bonds: 1
          Unresolved non-hydrogen angles: 2
          Planarities with less than four sites: {'FVA:plan-2': 1}
          Unresolved non-hydrogen planarities: 1
          bond proxies already assigned to first conformer: 262
    Chain: "B"
      Number of atoms: 317
      Number of conformers: 2
      Conformer: "A"
        Number of residues, atoms: 16, 277
          Classifications: {'peptide': 16}
          Modifications used: {'PEPT-D': 6, 'COO': 1}
          Link IDs: {'TRANS': 15}
          Unresolved non-hydrogen bonds: 1
          Unresolved non-hydrogen angles: 2
          Planarities with less than four sites: {'FVA:plan-2': 1}
          Unresolved non-hydrogen planarities: 1
      Conformer: "B"
        Number of residues, atoms: 16, 277
          Classifications: {'peptide': 16}
          Modifications used: {'PEPT-D': 6, 'COO': 1}
          Link IDs: {'TRANS': 15}
          Unresolved non-hydrogen bonds: 1
          Unresolved non-hydrogen angles: 2
          Planarities with less than four sites: {'FVA:plan-2': 1}
          Unresolved non-hydrogen planarities: 1
          bond proxies already assigned to first conformer: 243
    Chain: "A"
      Number of atoms: 14
      Number of conformers: 1
      Conformer: ""
        Number of residues, atoms: 2, 14
          Unusual residues: {'ACY': 2}
          Classifications: {'undetermined': 2}
          Link IDs: {None: 1}
    Chain: "B"
      Number of atoms: 28
      Number of conformers: 2
      Conformer: "A"
        Number of residues, atoms: 3, 21
          Unusual residues: {'ACY': 3}
          Classifications: {'undetermined': 3}
          Link IDs: {None: 2}
      Conformer: "B"
        Number of residues, atoms: 3, 21
          Unusual residues: {'ACY': 3}
          Classifications: {'undetermined': 3}
          Link IDs: {None: 2}
          bond proxies already assigned to first conformer: 12
    Chain: "A"
      Number of atoms: 39
      Number of conformers: 1
      Conformer: ""
        Number of residues, atoms: 13, 39
          Classifications: {'water': 13}
          Link IDs: {None: 12}
    Chain: "B"
      Number of atoms: 27
      Number of conformers: 1
      Conformer: ""
        Number of residues, atoms: 9, 27
          Classifications: {'water': 9}
          Link IDs: {None: 8}
  Residues with excluded nonbonded symmetry interactions: 23
    residue:
      pdb=" C  AACY B 203 " occ=0.54
      ... (12 atoms not shown)
      pdb=" H3 BACY B 203 " occ=0.00
    residue:
      pdb=" O   HOH A2001 " occ=0.69
      pdb=" H1  HOH A2001 " occ=0.00
      pdb=" H2  HOH A2001 " occ=0.00
    residue:
      pdb=" O   HOH A2002 " occ=0.70
      pdb=" H1  HOH A2002 " occ=0.00
      pdb=" H2  HOH A2002 " occ=0.00
    residue:
      pdb=" O   HOH A2003 " occ=0.76
      pdb=" H1  HOH A2003 " occ=0.00
      pdb=" H2  HOH A2003 " occ=0.00
    residue:
      pdb=" O   HOH A2004 " occ=0.51
      pdb=" H1  HOH A2004 " occ=0.00
      pdb=" H2  HOH A2004 " occ=0.00
    residue:
      pdb=" O   HOH A2005 " occ=0.49
      pdb=" H1  HOH A2005 " occ=0.00
      pdb=" H2  HOH A2005 " occ=0.00
    residue:
      pdb=" O   HOH A2006 " occ=0.49
      pdb=" H1  HOH A2006 " occ=0.00
      pdb=" H2  HOH A2006 " occ=0.00
    residue:
      pdb=" O   HOH A2007 " occ=0.69
      pdb=" H1  HOH A2007 " occ=0.00
      pdb=" H2  HOH A2007 " occ=0.00
    residue:
      pdb=" O   HOH A2008 " occ=0.62
      pdb=" H1  HOH A2008 " occ=0.00
      pdb=" H2  HOH A2008 " occ=0.00
    residue:
      pdb=" O   HOH A2009 " occ=0.53
      pdb=" H1  HOH A2009 " occ=0.00
      pdb=" H2  HOH A2009 " occ=0.00
    residue:
      pdb=" O   HOH A2010 " occ=0.88
      pdb=" H1  HOH A2010 " occ=0.00
      pdb=" H2  HOH A2010 " occ=0.00
    residue:
      pdb=" O   HOH A2011 " occ=0.71
      pdb=" H1  HOH A2011 " occ=0.00
      pdb=" H2  HOH A2011 " occ=0.00
    ... (remaining 11 not shown)
  Time building chain proxies: 0.48, per 1000 atoms: 0.66
  Number of scatterers: 724
  At special positions: 0
  Unit cell: (20.584, 27.905, 52.04, 90, 90, 90)
  Space group: P 21 21 21 (No. 19)
  Number of sites at special positions: 0
  Number of scattering types: 4
    Type Number    sf(0)
     O      70      8.00
     N      40      7.00
     C     230      6.00
     H     384      1.00
    sf(0) = scattering factor at diffraction angle 0.

  Number of disulfides: simple=0, symmetry=0
  Custom bonds:
    Warning: Ignoring bond with distance_ideal = None:
      atom_selection_1 = None
      atom_selection_2 = None
    Total number of custom bonds: 0
  Custom angles:
    Warning: Ignoring angle with angle_ideal = None:
      atom_selection_1 = None
      atom_selection_2 = None
      atom_selection_3 = None
    Total number of custom angles: 0
  Custom dihedrals:
    Warning: Ignoring dihedral with angle_ideal = None:
      atom_selection_1 = None
      atom_selection_2 = None
      atom_selection_3 = None
      atom_selection_4 = None
    Total number of custom dihedrals: 0
  Custom planarities:
    Warning: Ignoring planarity with with sigma <= 0:
      atom_selection = None
None
    Total number of custom planarities: 0
  Custom parallelities:
Warning: Ignoring parallelity with empty atom selection.
    Total number of custom parallelities: 0

  Automatic linking
    Parameters for automatic linking
      Linking & cutoffs
        Metal                : False - 3.50
        Amimo acid           : False - 1.90
        Carbohydrate         : True  - 1.99
        Ligands              : True  - 1.99
        Small molecules      : False - 1.98
        Amino acid - RNA/DNA : False
      
  Number of custom bonds: simple=0, symmetry=0
  Time building additional restraints: 0.30
  Conformation dependent library (CDL) restraints added in 3.7 milliseconds
  
  Adding C-beta torsion restraints...
    Skipped
      Input residue name is d-peptide
        pdb=" CB  DLE A   4 "
        pdb=" CB  DVA A   6 "
        pdb=" CB ADVA A   8 "
        pdb=" CB BDVA A   8 "
        pdb=" CB  DLE A  10 "
        pdb=" CB  DLE A  12 "
        pdb=" CB  DLE A  14 "
        pdb=" CB  DLE B   4 "
        pdb=" CB ADVA B   6 "
        pdb=" CB BDVA B   6 "
        pdb=" CB  DVA B   8 "
        pdb=" CB  DLE B  10 "
        pdb=" CB ADLE B  12 "
        pdb=" CB BDLE B  12 "
        pdb=" CB ADLE B  14 "
        pdb=" CB BDLE B  14 "
  Number of C-beta restraints generated:  38

  Time building geometry restraints manager: 0.32 seconds

  NOTE: a complete listing of the restraints can be obtained by requesting
        output of .geo file.

  Histogram of bond lengths:
        0.84 -     0.98: 338
        0.98 -     1.12: 40
        1.12 -     1.27: 54
        1.27 -     1.41: 104
        1.41 -     1.55: 175
  Bond restraints: 711
  Sorted by residual:
  bond pdb=" CN  FVA B   1 "
       pdb=" HN  FVA B   1 "
    ideal  model  delta    sigma   weight residual
    0.930  1.115 -0.185 3.90e-02 6.57e+02 2.26e+01
  bond pdb=" CN  FVA A   1 "
       pdb=" HN  FVA A   1 "
    ideal  model  delta    sigma   weight residual
    0.930  1.115 -0.185 3.90e-02 6.57e+02 2.26e+01
  bond pdb=" CA  FVA B   1 "
       pdb=" HA  FVA B   1 "
    ideal  model  delta    sigma   weight residual
    0.970  1.135 -0.165 4.00e-02 6.25e+02 1.69e+01
  bond pdb=" CA  FVA A   1 "
       pdb=" HA AFVA A   1 "
    ideal  model  delta    sigma   weight residual
    0.970  1.134 -0.164 4.00e-02 6.25e+02 1.68e+01
  bond pdb=" CA  FVA A   1 "
       pdb=" HA BFVA A   1 "
    ideal  model  delta    sigma   weight residual
    0.970  1.134 -0.164 4.00e-02 6.25e+02 1.67e+01
  ... (remaining 706 not shown)

  Histogram of bond angle deviations from ideal:
      106.17 -   111.73: 812
      111.73 -   117.29: 89
      117.29 -   122.85: 200
      122.85 -   128.41: 117
      128.41 -   133.97: 16
  Bond angle restraints: 1234
  Sorted by residual:
  angle pdb=" CA  FVA B   1 "
        pdb=" C   FVA B   1 "
        pdb=" O   FVA B   1 "
      ideal   model   delta    sigma   weight residual
     117.92  124.16   -6.24 2.40e+00 1.73e-01 6.76e+00
  angle pdb=" CA  FVA A   1 "
        pdb=" C   FVA A   1 "
        pdb=" O   FVA A   1 "
      ideal   model   delta    sigma   weight residual
     117.92  123.94   -6.02 2.40e+00 1.73e-01 6.30e+00
  angle pdb=" O   ACY B 202 "
        pdb=" C   ACY B 202 "
        pdb=" CH3 ACY B 202 "
      ideal   model   delta    sigma   weight residual
     113.03  118.05   -5.02 2.22e+00 2.03e-01 5.11e+00
  angle pdb=" O  BACY B 203 "
        pdb=" C  BACY B 203 "
        pdb=" CH3BACY B 203 "
      ideal   model   delta    sigma   weight residual
     113.03  118.03   -5.00 2.22e+00 2.03e-01 5.08e+00
  angle pdb=" O   ACY A 205 "
        pdb=" C   ACY A 205 "
        pdb=" CH3 ACY A 205 "
      ideal   model   delta    sigma   weight residual
     113.03  118.03   -5.00 2.22e+00 2.03e-01 5.07e+00
  ... (remaining 1229 not shown)

  Histogram of dihedral angle deviations from ideal:
        0.00 -     7.41: 182
        7.41 -    14.82: 15
       14.82 -    22.23: 6
       22.23 -    29.64: 5
       29.64 -    37.05: 10
  Dihedral angle restraints: 218
    sinusoidal: 100
      harmonic: 118
  Sorted by residual:
  dihedral pdb=" N   DLE B  10 "
           pdb=" CA  DLE B  10 "
           pdb=" CB  DLE B  10 "
           pdb=" CG  DLE B  10 "
      ideal   model   delta sinusoidal    sigma   weight residual
     -60.00  -80.70   20.70     3      1.50e+01 4.44e-03 2.52e+00
  dihedral pdb=" N   DLE A  12 "
           pdb=" CA  DLE A  12 "
           pdb=" CB  DLE A  12 "
           pdb=" CG  DLE A  12 "
      ideal   model   delta sinusoidal    sigma   weight residual
     -60.00  -79.10   19.10     3      1.50e+01 4.44e-03 2.18e+00
  dihedral pdb=" CA  TRP B   9 "
           pdb=" CB  TRP B   9 "
           pdb=" CG  TRP B   9 "
           pdb=" CD1 TRP B   9 "
      ideal   model   delta sinusoidal    sigma   weight residual
      90.00   66.08   23.92     2      2.00e+01 2.50e-03 1.97e+00
  ... (remaining 215 not shown)

  Histogram of chiral volume deviations from ideal:
       0.000 -    0.032: 40
       0.032 -    0.063: 6
       0.063 -    0.095: 3
       0.095 -    0.126: 1
       0.126 -    0.158: 3
  Chirality restraints: 53
  Sorted by residual:
  chirality pdb=" CA  FVA A   1 "
            pdb=" N   FVA A   1 "
            pdb=" C   FVA A   1 "
            pdb=" CB AFVA A   1 "
    both_signs  ideal   model   delta    sigma   weight residual
      False      2.68    2.52    0.16 2.00e-01 2.50e+01 6.20e-01
  chirality pdb=" CA  FVA B   1 "
            pdb=" N   FVA B   1 "
            pdb=" C   FVA B   1 "
            pdb=" CB  FVA B   1 "
    both_signs  ideal   model   delta    sigma   weight residual
      False      2.68    2.53    0.15 2.00e-01 2.50e+01 5.96e-01
  chirality pdb=" CA  FVA A   1 "
            pdb=" N   FVA A   1 "
            pdb=" C   FVA A   1 "
            pdb=" CB BFVA A   1 "
    both_signs  ideal   model   delta    sigma   weight residual
      False      2.68    2.53    0.15 2.00e-01 2.50e+01 5.52e-01
  ... (remaining 50 not shown)

  Planarity restraints: 80
  Sorted by residual:
                                 delta    sigma   weight rms_deltas residual
  plane pdb=" N   FVA A   1 "    0.002 2.00e-02 2.50e+03   3.88e-03 2.25e-01
        pdb=" CA  FVA A   1 "   -0.005 2.00e-02 2.50e+03
        pdb=" CN  FVA A   1 "    0.004 2.00e-02 2.50e+03
        pdb=" O1  FVA A   1 "    0.002 2.00e-02 2.50e+03
        pdb=" H   FVA A   1 "    0.003 2.00e-02 2.50e+03
        pdb=" HN  FVA A   1 "   -0.006 2.00e-02 2.50e+03
                                 delta    sigma   weight rms_deltas residual
  plane pdb=" N   FVA B   1 "    0.001 2.00e-02 2.50e+03   3.64e-03 1.98e-01
        pdb=" CA  FVA B   1 "   -0.004 2.00e-02 2.50e+03
        pdb=" CN  FVA B   1 "    0.004 2.00e-02 2.50e+03
        pdb=" O1  FVA B   1 "    0.001 2.00e-02 2.50e+03
        pdb=" H   FVA B   1 "    0.003 2.00e-02 2.50e+03
        pdb=" HN  FVA B   1 "   -0.006 2.00e-02 2.50e+03
                                 delta    sigma   weight rms_deltas residual
  plane pdb=" CB  TRP A   9 "    0.002 2.00e-02 2.50e+03   1.53e-03 9.39e-02
        pdb=" CG  TRP A   9 "   -0.005 2.00e-02 2.50e+03
        pdb=" CD1 TRP A   9 "    0.002 2.00e-02 2.50e+03
        pdb=" CD2 TRP A   9 "   -0.000 2.00e-02 2.50e+03
        pdb=" NE1 TRP A   9 "   -0.001 2.00e-02 2.50e+03
        pdb=" CE2 TRP A   9 "    0.000 2.00e-02 2.50e+03
        pdb=" CE3 TRP A   9 "    0.001 2.00e-02 2.50e+03
        pdb=" CZ2 TRP A   9 "   -0.000 2.00e-02 2.50e+03
        pdb=" CZ3 TRP A   9 "    0.000 2.00e-02 2.50e+03
        pdb=" CH2 TRP A   9 "   -0.000 2.00e-02 2.50e+03
        pdb=" HD1 TRP A   9 "    0.001 2.00e-02 2.50e+03
        pdb=" HE1 TRP A   9 "    0.001 2.00e-02 2.50e+03
        pdb=" HE3 TRP A   9 "   -0.000 2.00e-02 2.50e+03
        pdb=" HZ2 TRP A   9 "   -0.000 2.00e-02 2.50e+03
        pdb=" HZ3 TRP A   9 "   -0.000 2.00e-02 2.50e+03
        pdb=" HH2 TRP A   9 "   -0.000 2.00e-02 2.50e+03
  ... (remaining 77 not shown)

  Histogram of nonbonded interaction distances:
        1.73 -     2.29: 208
        2.29 -     2.84: 1732
        2.84 -     3.39: 2241
        3.39 -     3.95: 3234
        3.95 -     4.50: 4958
  Nonbonded interactions: 12373
  Sorted by model distance:
  nonbonded pdb=" H   DLE A  10 "
            pdb=" O   DVA B   6 "
     model   vdw
     1.735 1.850
  nonbonded pdb=" H   FVA A   1 "
            pdb=" O   HOH B2002 "
     model   vdw sym.op.
     1.773 1.850 -x+1/2,-y,z+1/2
  nonbonded pdb=" H2  HOH A2001 "
            pdb=" O   HOH A2003 "
     model   vdw
     1.783 1.850
  nonbonded pdb=" H   ALA A   5 "
            pdb=" OXT ACY A 201 "
     model   vdw
     1.788 1.850
  nonbonded pdb=" O   HOH A2001 "
            pdb=" H2  HOH B2003 "
     model   vdw sym.op.
     1.796 1.850 -x+1/2,-y,z+1/2
  ... (remaining 12368 not shown)

  NOTE: a complete listing of the restraints can be obtained by requesting
        output of .geo file.

============================== Scattering factors =============================


                ----------X-ray scattering dictionary----------                

Number of scattering types: 4
  Type Number    sf(0)   Gaussians
   O      70      7.97       2
   N      40      6.97       2
   C     230      5.97       2
   H     384      1.00       2
  sf(0) = scattering factor at diffraction angle 0.

Number of scatterers: 724
At special positions: 0
Unit cell: (20.584, 27.905, 52.04, 90, 90, 90)
Space group: P 21 21 21 (No. 19)

End of input processing
   input {
     xray_data {
       file_name = /home/qr/paper-4-altlocs/1bdw/1bdw_ala_refine_001.mtz
       labels = None
       high_resolution = None
       low_resolution = None
       outliers_rejection = True
       french_wilson_scale = True
       french_wilson {
         max_bins = 60
         min_bin_size = 40
       }
       sigma_fobs_rejection_criterion = None
       sigma_iobs_rejection_criterion = None
       ignore_all_zeros = True
       force_anomalous_flag_to_be_equal_to = None
       convert_to_non_anomalous_if_ratio_pairs_lone_less_than_threshold = 0.5
       r_free_flags {
         file_name = None
         label = None
         test_flag_value = None
         ignore_r_free_flags = False
         disable_suitability_test = False
         ignore_pdb_hexdigest = False
         generate = False
         fraction = 0.1
         max_free = 2000
         lattice_symmetry_max_delta = 5
         use_lattice_symmetry = True
         use_dataman_shells = False
         n_shells = 20
       }
     }
     pdb {
       file_name = /home/qr/paper-4-altlocs/1bdw/1bdw_ala_refine_001_complete_minimized.pdb_modified.pdb
     }
     monomers {
       file_name = None
     }
     maps {
       map_file_name = None
       d_min = None
       map_coefficients_file_name = None
       map_coefficients_label = None
     }
     sequence = None
     scattering_table = wk1995 it1992 *n_gaussian neutron electron
     wavelength = None
     energy = None
     twin_law = None
   }
   max_atoms = 15000
   debug = False
   cluster {
     charge_cutoff = 10
     clustering = False
     charge_embedding = False
     two_buffers = False
     maxnum_residues_in_cluster = 15
     clustering_method = gnc *bcc
     altloc_method = *subtract average
   }
   restraints = *cctbx qm
   qm_engine_name = *mopac terachem turbomole pyscf
   charge = None
   basis = "sto-3g"
   refine {
     dry_run = False
     sf_algorithm = *direct fft
     refinement_target_name = *ml ls_wunit_k1
     mode = opt *refine
     number_of_macro_cycles = 5
     number_of_weight_search_cycles = 50
     number_of_micro_cycles = 50
     data_weight = None
     max_iterations = 200
     line_search = True
     stpmax = 1.e9
     gradient_only = False
     update_all_scales = True
     refine_sites = True
     refine_adp = False
     restraints_weight_scale = 1.0
     shake_sites = False
     use_convergence_test = True
     max_bond_rmsd = 0.03
     max_r_work_r_free_gap = 5.0
     r_tolerance = 0.001
     rmsd_tolerance = 0.01
   }
   parallel_params {
     method = *multiprocessing pbs sge lsf threading slurm
     nproc = None
     qsub_command = None
   }
   output_file_name_prefix = None
   output_folder_name = "pdb"
   shared_disk = True
   rst_file = None
   dump_gradients = None
   Resolution    Compl Nwork Nfree R_work    <Fobs>  <Fmodel> kiso   kani kmask
 24.592-6.026    98.04    96     4 0.3805    62.316    65.410 1.000 0.498 0.220
  5.992-4.664   100.00    98     3 0.5048    72.097    71.563 1.000 0.494 0.000
  4.658-3.633    99.52   193    14 0.4387    78.600    72.276 1.000 0.493 0.000
  3.628-2.830   100.00   408    14 0.5217    55.199    44.018 1.000 0.489 0.000
  2.826-2.201   100.00   839    39 0.5781    32.589    30.802 1.000 0.488 0.000
  2.200-1.702    91.19  1623    85 0.5533    21.961    18.126 1.000 0.486 0.000

Initial r_work=0.5254 r_free=0.5587

***********************************************************
restart info will be stored in pdb/1bdw_ala_refine_001_complete_minimized.pdb_modified.rst.pickle
***********************************************************

Start:
     0 Rw: 0.5254 Rf: 0.5587 Rf-Rw: 0.0333 rmsd(b):  0.0092 rws:  1.0 n_fev: 0
Optimal weight search:
     1 Rw: 0.1735 Rf: 0.2196 Rf-Rw: 0.0461 rmsd(b):  0.1128 rws:  1.0 n_fev: 453
     2 Rw: 0.1600 Rf: 0.2091 Rf-Rw: 0.0491 rmsd(b):  0.0742 rws:  2.0 n_fev: 939
     3 Rw: 0.1646 Rf: 0.2023 Rf-Rw: 0.0378 rmsd(b):  0.0608 rws:  4.0 n_fev: 1410
     4 Rw: 0.1764 Rf: 0.2167 Rf-Rw: 0.0404 rmsd(b):  0.0440 rws:  8.0 n_fev: 1841
     5 Rw: 0.1816 Rf: 0.2244 Rf-Rw: 0.0428 rmsd(b):  0.0293 rws: 16.0 n_fev: 2355
     6 Rw: 0.1816 Rf: 0.2244 Rf-Rw: 0.0428 rmsd(b):  0.0293 rws: 16.0 n_fev: 2869
At end of weight search:
     6 Rw: 0.1816 Rf: 0.2244 Rf-Rw: 0.0428 rmsd(b):  0.0293 rws: 16.0 n_fev: 2869
At start of further refinement:
     7 Rw: 0.1816 Rf: 0.2244 Rf-Rw: 0.0428 rmsd(b):  0.0293 rws: 16.0 n_fev: 2869
Start further refinement:
     8 Rw: 0.1817 Rf: 0.2250 Rf-Rw: 0.0433 rmsd(b):  0.0294 rws: 16.0 n_fev: 2949
At end of further refinement:
     8 Rw: 0.1817 Rf: 0.2250 Rf-Rw: 0.0433 rmsd(b):  0.0294 rws: 16.0 n_fev: 2949
Best r_work: 0.1816 r_free: 0.2244
See 1bdw_ala_refine_001_complete_minimized.pdb_modified_refined.pdb in pdb folder.
Time: 98.9560
