Starting Q|R finalise
-------------------------------------------------------------------------------

DEVIATIONS FROM IDEAL VALUES.
               RMSD     MAX  COUNT
 BOND      :  0.016   0.161    325
 ANGLE     :  2.232  13.248    443
 CHIRALITY :  0.067   0.172     51
 PLANARITY :  0.006   0.028     45
 DIHEDRAL  : 13.722  88.812    111
 MIN NONBONDED DISTANCE : 1.320 

MOLPROBITY STATISTICS.
 ALL-ATOM CLASHSCORE : 24.65
 RAMACHANDRAN PLOT:
   OUTLIERS : 0.00  %
   ALLOWED  : 0.00  %
   FAVORED  : 0.00  %
 ROTAMER OUTLIERS : 0.00 %
 CBETA DEVIATIONS : 16
 PEPTIDE PLANE:
   CIS-PROLINE     : 0
   CIS-GENERAL     : 0
   TWISTED PROLINE : 0
   TWISTED GENERAL : 0
-------------------------------------------------------------------------------

  Preparation for phenix.refine

    Add hydrogens
      - to protein model using phenix.reduce
      - to ligands using eLBOW, phenix.elbow

  Build ligand and use monomer library to name atoms : ACY
  Using monomer library entry ACY as template

  Build ligand and use monomer library to name atoms : ETA
  Using monomer library entry ETA as template

    Adding hydrogens to water molecules
      
ACY
None
ETA
None
Number of H added: 44
X-H deviation from ideal before regularization (bond): mean= 0.037 max= 0.164
X-H deviation from ideal after  regularization (bond): mean= 0.000 max= 0.000
-------------------------------------------------------------------------------

DEVIATIONS FROM IDEAL VALUES.
               RMSD     MAX  COUNT
 BOND      :  0.088   0.161    666
 ANGLE     :  1.467  13.248   1119
 CHIRALITY :  0.066   0.170     42
 PLANARITY :  0.005   0.025     73
 DIHEDRAL  : 11.004  88.812    210
 MIN NONBONDED DISTANCE : 1.320 

MOLPROBITY STATISTICS.
 ALL-ATOM CLASHSCORE : 17.94
 RAMACHANDRAN PLOT:
   OUTLIERS : 0.00  %
   ALLOWED  : 0.00  %
   FAVORED  : 0.00  %
 ROTAMER OUTLIERS : 0.00 %
 CBETA DEVIATIONS : 12
 PEPTIDE PLANE:
   CIS-PROLINE     : 0
   CIS-GENERAL     : 0
   TWISTED PROLINE : 0
   TWISTED GENERAL : 0
-------------------------------------------------------------------------------
Time: 24.9686
